<?xml version="1.0" encoding="UTF-8"?>
<testng-results ignored="0" total="2" passed="2" failed="0" skipped="0">
  <reporter-output>
  </reporter-output>
  <suite started-at="2026-06-01T13:12:53 IST" name="Regression Suite" finished-at="2026-06-01T13:13:05 IST" duration-ms="11932">
    <groups>
    </groups>
    <test started-at="2026-06-01T13:12:53 IST" name="End to End Flow" finished-at="2026-06-01T13:13:05 IST" duration-ms="11932">
      <class name="tests.SwagLabsFlow">
        <test-method is-config="true" signature="setUpReport()[pri:0, instance:tests.SwagLabsFlow@73163d48]" started-at="2026-06-01T13:12:52 IST" name="setUpReport" finished-at="2026-06-01T13:12:53 IST" duration-ms="195" status="PASS">
          <reporter-output>
          </reporter-output>
        </test-method> <!-- setUpReport -->
        <test-method is-config="true" signature="setUp(java.lang.String,java.lang.reflect.Method)[pri:0, instance:tests.SwagLabsFlow@73163d48]" started-at="2026-06-01T13:12:53 IST" name="setUp" finished-at="2026-06-01T13:12:56 IST" duration-ms="2410" status="PASS">
          <params>
            <param index="0">
              <value is-null="true"/>
            </param>
            <param index="1">
              <value>
                <![CDATA[public void tests.SwagLabsFlow.automationFlow(java.lang.String,java.lang.String)]]>
              </value>
            </param>
          </params>
          <reporter-output>
          </reporter-output>
        </test-method> <!-- setUp -->
        <test-method signature="automationFlow(java.lang.String,java.lang.String)[pri:0, instance:tests.SwagLabsFlow@73163d48]" started-at="2026-06-01T13:12:56 IST" name="automationFlow" data-provider="userData" finished-at="2026-06-01T13:12:57 IST" duration-ms="1279" status="PASS">
          <params>
            <param index="0">
              <value>
                <![CDATA[standard_user]]>
              </value>
            </param>
            <param index="1">
              <value>
                <![CDATA[secret_sauce]]>
              </value>
            </param>
          </params>
          <reporter-output>
          </reporter-output>
        </test-method> <!-- automationFlow -->
        <test-method is-config="true" signature="tearDown(org.testng.ITestResult)[pri:0, instance:tests.SwagLabsFlow@73163d48]" started-at="2026-06-01T13:12:57 IST" name="tearDown" finished-at="2026-06-01T13:12:57 IST" duration-ms="183" status="PASS">
          <params>
            <param index="0">
              <value>
                <![CDATA[[TestResult name=automationFlow status=SUCCESS method=SwagLabsFlow.automationFlow(java.lang.String,java.lang.String)[pri:0, instance:tests.SwagLabsFlow@73163d48] output={null}]]]>
              </value>
            </param>
          </params>
          <reporter-output>
          </reporter-output>
        </test-method> <!-- tearDown -->
        <test-method is-config="true" signature="setUp(java.lang.String,java.lang.reflect.Method)[pri:0, instance:tests.SwagLabsFlow@73163d48]" started-at="2026-06-01T13:12:57 IST" name="setUp" finished-at="2026-06-01T13:12:58 IST" duration-ms="1225" status="PASS">
          <params>
            <param index="0">
              <value is-null="true"/>
            </param>
            <param index="1">
              <value>
                <![CDATA[public void tests.SwagLabsFlow.automationFlow(java.lang.String,java.lang.String)]]>
              </value>
            </param>
          </params>
          <reporter-output>
          </reporter-output>
        </test-method> <!-- setUp -->
        <test-method signature="automationFlow(java.lang.String,java.lang.String)[pri:0, instance:tests.SwagLabsFlow@73163d48]" started-at="2026-06-01T13:12:58 IST" name="automationFlow" data-provider="userData" finished-at="2026-06-01T13:13:04 IST" duration-ms="6078" status="PASS">
          <params>
            <param index="0">
              <value>
                <![CDATA[performance_glitch_user]]>
              </value>
            </param>
            <param index="1">
              <value>
                <![CDATA[secret_sauce]]>
              </value>
            </param>
          </params>
          <reporter-output>
          </reporter-output>
        </test-method> <!-- automationFlow -->
        <test-method is-config="true" signature="tearDown(org.testng.ITestResult)[pri:0, instance:tests.SwagLabsFlow@73163d48]" started-at="2026-06-01T13:13:04 IST" name="tearDown" finished-at="2026-06-01T13:13:05 IST" duration-ms="113" status="PASS">
          <params>
            <param index="0">
              <value>
                <![CDATA[[TestResult name=automationFlow status=SUCCESS method=SwagLabsFlow.automationFlow(java.lang.String,java.lang.String)[pri:0, instance:tests.SwagLabsFlow@73163d48] output={null}]]]>
              </value>
            </param>
          </params>
          <reporter-output>
          </reporter-output>
        </test-method> <!-- tearDown -->
        <test-method is-config="true" signature="tearDownReport()[pri:0, instance:tests.SwagLabsFlow@73163d48]" started-at="2026-06-01T13:13:05 IST" name="tearDownReport" finished-at="2026-06-01T13:13:05 IST" duration-ms="204" status="PASS">
          <reporter-output>
          </reporter-output>
        </test-method> <!-- tearDownReport -->
      </class> <!-- tests.SwagLabsFlow -->
    </test> <!-- End to End Flow -->
  </suite> <!-- Regression Suite -->
</testng-results>
